\BOOKMARK [0][-]{chapter.1}{\376\377\000A\000l\000g\000o\000r\000i\000t\000h\000m\000s}{}% 1
\BOOKMARK [1][-]{section.1.1}{\376\377\0001\000D\0001\000D\000\040\000D\000y\000n\000a\000m\000i\000c\000\040\000P\000r\000o\000g\000r\000a\000m\000m\000i\000n\000g}{chapter.1}% 2
\BOOKMARK [1][-]{section.1.2}{\376\377\000D\000y\000n\000a\000m\000i\000c\000\040\000M\000i\000n\000i\000m\000a\000l\000\040\000S\000p\000a\000n\000n\000i\000n\000g\000\040\000T\000r\000e\000e}{chapter.1}% 3
\BOOKMARK [1][-]{section.1.3}{\376\377\000S\000l\000o\000p\000\040\000O\000p\000t\000i\000m\000i\000z\000a\000t\000i\000o\000n}{chapter.1}% 4
\BOOKMARK [1][-]{section.1.4}{\376\377\000T\000h\000r\000e\000e\000-\000d\000i\000m\000e\000n\000s\000i\000o\000n\000\040\000P\000a\000r\000t\000i\000a\000l\000\040\000O\000r\000d\000e\000r}{chapter.1}% 5
\BOOKMARK [0][-]{chapter.2}{\376\377\000C\000o\000m\000p\000u\000t\000a\000t\000i\000o\000n\000a\000l\000\040\000G\000e\000o\000m\000e\000t\000r\000y}{}% 6
\BOOKMARK [1][-]{section.2.1}{\376\377\000C\000i\000r\000c\000l\000e\000\040\000I\000n\000t\000e\000r\000s\000e\000c\000t\000i\000o\000n}{chapter.2}% 7
\BOOKMARK [1][-]{section.2.2}{\376\377\000C\000o\000m\000m\000o\000n\000\040\000F\000o\000r\000m\000u\000l\000a\000s}{chapter.2}% 8
\BOOKMARK [1][-]{section.2.3}{\376\377\000C\000o\000n\000v\000e\000x\000\040\000H\000u\000l\000l}{chapter.2}% 9
\BOOKMARK [1][-]{section.2.4}{\376\377\000C\000r\000o\000s\000s\000\040\000P\000o\000i\000n\000t\000s\000\040\000o\000f\000\040\000C\000i\000r\000c\000l\000e\000s}{chapter.2}% 10
\BOOKMARK [1][-]{section.2.5}{\376\377\000C\000r\000o\000s\000s\000\040\000P\000o\000i\000n\000t\000s\000\040\000o\000f\000\040\000L\000i\000n\000e\000\040\000a\000n\000d\000\040\000C\000i\000r\000c\000l\000e}{chapter.2}% 11
\BOOKMARK [1][-]{section.2.6}{\376\377\000G\000r\000a\000h\000a\000m\000\040\000S\000c\000a\000n\000n\000i\000n\000g\000\040\000A\000l\000g\000o\000r\000i\000t\000h\000m}{chapter.2}% 12
\BOOKMARK [1][-]{section.2.7}{\376\377\000H\000a\000l\000f\000\040\000P\000l\000a\000n\000e\000\040\000I\000n\000t\000e\000r\000s\000e\000c\000t\000i\000o\000n}{chapter.2}% 13
\BOOKMARK [1][-]{section.2.8}{\376\377\000I\000n\000t\000e\000r\000s\000e\000c\000t\000i\000n\000g\000\040\000A\000r\000e\000a\000\040\000o\000f\000\040\000C\000i\000r\000c\000l\000e\000\040\000a\000n\000d\000\040\000P\000o\000l\000y\000g\000o\000n}{chapter.2}% 14
\BOOKMARK [1][-]{section.2.9}{\376\377\000I\000n\000t\000e\000r\000s\000e\000c\000t\000i\000o\000n\000\040\000o\000f\000\040\000L\000i\000n\000e\000\040\000a\000n\000d\000\040\000C\000o\000n\000v\000e\000x\000\040\000H\000u\000l\000l}{chapter.2}% 15
\BOOKMARK [1][-]{section.2.10}{\376\377\000M\000i\000n\000i\000m\000a\000l\000\040\000P\000r\000o\000d\000u\000c\000t}{chapter.2}% 16
\BOOKMARK [1][-]{section.2.11}{\376\377\000P\000l\000a\000n\000a\000r\000\040\000G\000r\000a\000p\000h}{chapter.2}% 17
\BOOKMARK [1][-]{section.2.12}{\376\377\000P\000o\000l\000y\000g\000o\000n\000\040\000C\000l\000a\000s\000s}{chapter.2}% 18
\BOOKMARK [1][-]{section.2.13}{\376\377\000U\000n\000i\000o\000n\000\040\000A\000r\000e\000a\000\040\000o\000f\000\040\000C\000i\000r\000c\000l\000e\000s}{chapter.2}% 19
\BOOKMARK [0][-]{chapter.3}{\376\377\000D\000a\000t\000a\000\040\000S\000t\000r\000u\000c\000t\000u\000r\000e}{}% 20
\BOOKMARK [1][-]{section.3.1}{\376\377\000D\000i\000v\000i\000d\000e\000\040\000a\000n\000d\000\040\000C\000o\000n\000q\000u\000e\000r\000\040\000o\000n\000\040\000T\000r\000e\000e}{chapter.3}% 21
\BOOKMARK [1][-]{section.3.2}{\376\377\000D\000y\000n\000a\000m\000i\000c\000l\000y\000\040\000D\000i\000v\000i\000d\000e\000\040\000a\000n\000d\000\040\000C\000o\000n\000q\000u\000e\000r\000\040\000o\000n\000\040\000T\000r\000e\000e}{chapter.3}% 22
\BOOKMARK [1][-]{section.3.3}{\376\377\000H\000e\000a\000v\000y\000\040\000P\000a\000t\000h\000\040\000D\000e\000c\000o\000m\000p\000o\000s\000i\000t\000i\000o\000n}{chapter.3}% 23
\BOOKMARK [1][-]{section.3.4}{\376\377\000K\000-\000D\000i\000m\000e\000n\000s\000i\000o\000n\000\040\000T\000r\000e\000e}{chapter.3}% 24
\BOOKMARK [1][-]{section.3.5}{\376\377\000L\000e\000f\000t\000l\000i\000s\000t\000\040\000T\000r\000e\000e}{chapter.3}% 25
\BOOKMARK [1][-]{section.3.6}{\376\377\000L\000i\000n\000k\000\040\000C\000u\000t\000\040\000T\000r\000e\000e}{chapter.3}% 26
\BOOKMARK [1][-]{section.3.7}{\376\377\000M\000e\000r\000g\000e\000\040\000S\000p\000l\000i\000t\000\040\000T\000r\000e\000a\000p}{chapter.3}% 27
\BOOKMARK [1][-]{section.3.8}{\376\377\000M\000o\000d\000u\000i\000\040\000A\000l\000g\000o\000r\000i\000t\000h\000m\000\040\000o\000n\000\040\000T\000r\000e\000e}{chapter.3}% 28
\BOOKMARK [1][-]{section.3.9}{\376\377\000M\000o\000d\000u\000i\000\040\000A\000l\000g\000o\000r\000i\000t\000h\000m\000\040\000w\000i\000t\000h\000o\000u\000t\000\040\000D\000e\000l\000e\000t\000i\000o\000n}{chapter.3}% 29
\BOOKMARK [1][-]{section.3.10}{\376\377\000P\000r\000e\000s\000i\000d\000e\000n\000t\000\040\000T\000r\000e\000e}{chapter.3}% 30
\BOOKMARK [1][-]{section.3.11}{\376\377\000S\000p\000l\000a\000y}{chapter.3}% 31
\BOOKMARK [0][-]{chapter.4}{\376\377\000G\000r\000a\000p\000h\000\040\000T\000h\000e\000o\000r\000y}{}% 32
\BOOKMARK [1][-]{section.4.1}{\376\377\0002\000-\000S\000a\000t}{chapter.4}% 33
\BOOKMARK [1][-]{section.4.2}{\376\377\000B\000r\000i\000d\000g\000e\000s\000\040\000a\000n\000d\000\040\000C\000u\000t\000\040\000V\000e\000r\000t\000i\000c\000e\000s}{chapter.4}% 34
\BOOKMARK [1][-]{section.4.3}{\376\377\000C\000o\000s\000t\000\040\000F\000l\000o\000w}{chapter.4}% 35
\BOOKMARK [1][-]{section.4.4}{\376\377\000D\000i\000f\000f\000e\000r\000e\000n\000c\000e\000\040\000C\000o\000n\000s\000t\000r\000a\000i\000n\000t\000s}{chapter.4}% 36
\BOOKMARK [1][-]{section.4.5}{\376\377\000D\000i\000n\000i\000c\000\040\000A\000l\000g\000o\000r\000i\000t\000h\000m}{chapter.4}% 37
\BOOKMARK [1][-]{section.4.6}{\376\377\000D\000o\000m\000i\000n\000a\000t\000o\000r\000\040\000T\000r\000e\000e}{chapter.4}% 38
\BOOKMARK [1][-]{section.4.7}{\376\377\000H\000u\000n\000g\000a\000r\000y}{chapter.4}% 39
\BOOKMARK [1][-]{section.4.8}{\376\377\000I\000s\000a\000p\000\040\000A\000l\000g\000o\000r\000i\000t\000h\000m}{chapter.4}% 40
\BOOKMARK [1][-]{section.4.9}{\376\377\000K\000u\000h\000n\000-\000M\000u\000n\000k\000r\000e\000s\000\040\000A\000l\000g\000o\000r\000i\000t\000h\000m}{chapter.4}% 41
\BOOKMARK [1][-]{section.4.10}{\376\377\000M\000a\000x\000i\000m\000a\000l\000\040\000M\000a\000t\000c\000h\000i\000n\000g\000\040\000i\000n\000\040\000G\000e\000n\000e\000r\000a\000l\000\040\000G\000r\000a\000p\000h\000s}{chapter.4}% 42
\BOOKMARK [1][-]{section.4.11}{\376\377\000M\000a\000x\000i\000m\000a\000l\000\040\000W\000e\000i\000g\000h\000t\000e\000d\000\040\000M\000a\000t\000c\000h\000i\000n\000g\000\040\000i\000n\000\040\000G\000e\000n\000e\000r\000a\000l\000\040\000G\000r\000a\000p\000h\000s}{chapter.4}% 43
\BOOKMARK [1][-]{section.4.12}{\376\377\000M\000a\000x\000i\000m\000u\000m\000\040\000C\000a\000r\000d\000i\000n\000a\000l\000i\000t\000y\000\040\000S\000e\000a\000r\000c\000h}{chapter.4}% 44
\BOOKMARK [1][-]{section.4.13}{\376\377\000N\000e\000t\000w\000o\000r\000k\000\040\000F\000l\000o\000w\000\040\000w\000i\000t\000h\000\040\000L\000o\000w\000e\000r\000\040\000B\000o\000u\000n\000d}{chapter.4}% 45
\BOOKMARK [1][-]{section.4.14}{\376\377\000P\000o\000i\000n\000t\000\040\000B\000i\000c\000o\000n\000n\000e\000c\000t\000e\000d\000\040\000C\000o\000m\000p\000o\000n\000e\000n\000t}{chapter.4}% 46
\BOOKMARK [1][-]{section.4.15}{\376\377\000S\000t\000e\000i\000n\000e\000r\000\040\000T\000r\000e\000e}{chapter.4}% 47
\BOOKMARK [1][-]{section.4.16}{\376\377\000S\000t\000r\000o\000n\000g\000l\000y\000\040\000C\000o\000n\000n\000e\000c\000t\000e\000d\000\040\000C\000o\000m\000p\000o\000n\000e\000n\000t}{chapter.4}% 48
\BOOKMARK [1][-]{section.4.17}{\376\377\000V\000i\000r\000t\000u\000a\000l\000\040\000T\000r\000e\000e}{chapter.4}% 49
\BOOKMARK [1][-]{section.4.18}{\376\377\000Z\000h\000u\000-\000L\000i\000u\000\040\000A\000l\000g\000o\000r\000i\000t\000h\000m}{chapter.4}% 50
\BOOKMARK [1][-]{section.4.19}{\376\377\000Z\000K\000W\000\040\000C\000o\000s\000t\000\040\000F\000l\000o\000w}{chapter.4}% 51
\BOOKMARK [0][-]{chapter.5}{\376\377\000N\000u\000m\000b\000e\000r\000\040\000T\000h\000e\000o\000r\000y}{}% 52
\BOOKMARK [1][-]{section.5.1}{\376\377\000B\000a\000b\000y\000\040\000S\000t\000e\000p\000\040\000G\000i\000a\000n\000t\000\040\000S\000t\000e\000p}{chapter.5}% 53
\BOOKMARK [1][-]{section.5.2}{\376\377\000C\000h\000i\000n\000e\000s\000e\000\040\000R\000e\000m\000a\000i\000n\000d\000e\000r\000\040\000T\000h\000e\000o\000r\000e\000m}{chapter.5}% 54
\BOOKMARK [1][-]{section.5.3}{\376\377\000E\000x\000t\000e\000n\000d\000e\000d\000\040\000E\000u\000c\000l\000i\000d\000e\000a\000n\000\040\000A\000l\000g\000o\000r\000i\000t\000h\000m}{chapter.5}% 55
\BOOKMARK [1][-]{section.5.4}{\376\377\000L\000i\000n\000e\000a\000r\000l\000y\000\040\000S\000i\000e\000v\000e}{chapter.5}% 56
\BOOKMARK [1][-]{section.5.5}{\376\377\000N\000-\000P\000o\000w\000e\000r\000\040\000R\000e\000s\000i\000d\000u\000e}{chapter.5}% 57
\BOOKMARK [1][-]{section.5.6}{\376\377\000N\000u\000m\000b\000e\000r\000\040\000T\000h\000e\000o\000r\000e\000t\000i\000c\000\040\000T\000r\000a\000n\000s\000f\000o\000r\000m\000a\000t\000i\000o\000n}{chapter.5}% 58
\BOOKMARK [1][-]{section.5.7}{\376\377\000P\000o\000l\000l\000a\000r\000d\000\040\000R\000h\000o\000\040\000A\000l\000g\000o\000r\000i\000t\000h\000m}{chapter.5}% 59
\BOOKMARK [1][-]{section.5.8}{\376\377\000P\000r\000i\000m\000i\000t\000i\000v\000e\000\040\000R\000o\000o\000t}{chapter.5}% 60
\BOOKMARK [1][-]{section.5.9}{\376\377\000Q\000u\000a\000d\000r\000a\000t\000i\000c\000\040\000R\000e\000s\000i\000d\000u\000e}{chapter.5}% 61
\BOOKMARK [1][-]{section.5.10}{\376\377\000S\000i\000n\000g\000l\000e\000\040\000V\000a\000r\000i\000a\000b\000l\000e\000\040\000M\000o\000d\000u\000l\000u\000s\000\040\000L\000i\000n\000e\000a\000r\000\040\000E\000q\000u\000a\000t\000i\000o\000n}{chapter.5}% 62
\BOOKMARK [0][-]{chapter.6}{\376\377\000N\000u\000m\000e\000r\000i\000c\000a\000l\000\040\000A\000l\000g\000o\000r\000i\000t\000h\000m\000s}{}% 63
\BOOKMARK [1][-]{section.6.1}{\376\377\000C\000o\000u\000n\000t\000i\000n\000g\000\040\000I\000n\000t\000e\000g\000r\000a\000l\000\040\000P\000o\000i\000n\000t\000s\000\040\000u\000n\000d\000e\000r\000\040\000S\000t\000r\000a\000i\000g\000h\000t\000\040\000L\000i\000n\000e}{chapter.6}% 64
\BOOKMARK [1][-]{section.6.2}{\376\377\000E\000v\000a\000l\000u\000a\000t\000i\000o\000n\000\040\000o\000f\000\040\000E\000x\000p\000r\000e\000s\000s\000i\000o\000n}{chapter.6}% 65
\BOOKMARK [1][-]{section.6.3}{\376\377\000F\000a\000s\000t\000\040\000F\000o\000u\000r\000i\000e\000r\000\040\000T\000r\000a\000n\000s\000f\000o\000r\000m\000a\000t\000i\000o\000n}{chapter.6}% 66
\BOOKMARK [1][-]{section.6.4}{\376\377\000F\000a\000s\000t\000\040\000I\000n\000p\000u\000t\000\040\000a\000n\000d\000\040\000O\000u\000t\000p\000u\000t}{chapter.6}% 67
\BOOKMARK [1][-]{section.6.5}{\376\377\000F\000r\000a\000c\000t\000i\000o\000n\000\040\000C\000l\000a\000s\000s}{chapter.6}% 68
\BOOKMARK [1][-]{section.6.6}{\376\377\000G\000r\000a\000y\000\040\000C\000o\000d\000e}{chapter.6}% 69
\BOOKMARK [1][-]{section.6.7}{\376\377\000N\000u\000m\000e\000r\000i\000c\000a\000l\000\040\000I\000n\000t\000e\000g\000r\000a\000t\000i\000o\000n}{chapter.6}% 70
\BOOKMARK [1][-]{section.6.8}{\376\377\000S\000i\000m\000p\000l\000e\000x}{chapter.6}% 71
\BOOKMARK [2][-]{subsection.6.8.1}{\376\377\000D\000e\000s\000c\000r\000i\000p\000t\000i\000o\000n}{section.6.8}% 72
\BOOKMARK [2][-]{subsection.6.8.2}{\376\377\000I\000n\000p\000u\000t}{section.6.8}% 73
\BOOKMARK [2][-]{subsection.6.8.3}{\376\377\000O\000u\000t\000p\000u\000t}{section.6.8}% 74
\BOOKMARK [2][-]{subsection.6.8.4}{\376\377\000C\000o\000d\000e}{section.6.8}% 75
\BOOKMARK [1][-]{section.6.9}{\376\377\000S\000o\000l\000u\000t\000i\000o\000n\000s\000\040\000o\000f\000\040\000E\000q\000u\000a\000t\000i\000o\000n\000\040\000o\000f\000\040\000H\000i\000g\000h\000e\000r\000\040\000O\000r\000d\000e\000r}{chapter.6}% 76
\BOOKMARK [0][-]{chapter.7}{\376\377\000S\000t\000r\000i\000n\000g\000\040\000A\000l\000g\000o\000r\000i\000t\000h\000m\000s}{}% 77
\BOOKMARK [1][-]{section.7.1}{\376\377\000A\000h\000o\000-\000C\000o\000r\000a\000s\000i\000c\000k\000\040\000A\000u\000t\000o\000m\000a\000t\000o\000n}{chapter.7}% 78
\BOOKMARK [1][-]{section.7.2}{\376\377\000K\000n\000u\000t\000h\000-\000M\000o\000r\000r\000i\000s\000-\000P\000r\000a\000t\000t\000\040\000A\000l\000g\000o\000r\000i\000t\000h\000m}{chapter.7}% 79
\BOOKMARK [1][-]{section.7.3}{\376\377\000M\000a\000n\000a\000c\000h\000e\000r\000\040\000A\000l\000g\000o\000r\000i\000t\000h\000m}{chapter.7}% 80
\BOOKMARK [1][-]{section.7.4}{\376\377\000P\000a\000l\000i\000n\000d\000r\000o\000m\000e\000\040\000A\000u\000t\000o\000m\000a\000t\000o\000n}{chapter.7}% 81
\BOOKMARK [1][-]{section.7.5}{\376\377\000S\000u\000f\000f\000i\000x\000\040\000A\000r\000r\000a\000y}{chapter.7}% 82
\BOOKMARK [1][-]{section.7.6}{\376\377\000S\000u\000f\000f\000i\000x\000\040\000A\000u\000t\000o\000m\000a\000t\000o\000n}{chapter.7}% 83
\BOOKMARK [0][-]{chapter.8}{\376\377\000O\000t\000h\000e\000r\000s}{}% 84
\BOOKMARK [1][-]{section.8.1}{\376\377\000C\000a\000l\000c\000u\000l\000a\000t\000i\000o\000n\000\040\000o\000f\000\040\000D\000a\000t\000e}{chapter.8}% 85
\BOOKMARK [1][-]{section.8.2}{\376\377\000J\000a\000v\000a\000\040\000H\000i\000n\000t\000s}{chapter.8}% 86
\BOOKMARK [1][-]{section.8.3}{\376\377\000E\000m\000a\000c\000s\000\040\000C\000o\000n\000f\000i\000g\000u\000r\000a\000t\000i\000o\000n\000-\000F\000u\000l\000l}{chapter.8}% 87
\BOOKMARK [1][-]{section.8.4}{\376\377\000E\000m\000a\000c\000s\000\040\000C\000o\000n\000f\000i\000g\000u\000r\000a\000t\000i\000o\000n\000-\000C\000o\000m\000p\000e\000t\000i\000t\000i\000o\000n}{chapter.8}% 88
